<?xml version="1.0" encoding="UTF-8"?>
<testng-results skipped="1" failed="2" ignored="4" total="10" passed="3">
  <reporter-output>
  </reporter-output>
  <suite name="SingleSuite" duration-ms="61849" started-at="2019-07-31T23:40:17Z" finished-at="2019-07-31T23:41:19Z">
    <groups>
    </groups>
    <test name="test in Chrome" duration-ms="61849" started-at="2019-07-31T23:40:17Z" finished-at="2019-07-31T23:41:19Z">
      <class name="HomePageTest">
        <test-method status="PASS" signature="navegarInicio()[pri:0, instance:HomePageTest@11438d26]" name="navegarInicio" is-config="true" duration-ms="368" started-at="2019-07-31T23:40:40Z" finished-at="2019-07-31T23:40:41Z">
          <reporter-output>
          </reporter-output>
        </test-method> <!-- navegarInicio -->
        <test-method status="PASS" signature="cambioMonedaParameters(java.lang.String, java.lang.reflect.Method)[pri:0, instance:HomePageTest@11438d26]" name="cambioMonedaParameters" duration-ms="3927" started-at="2019-07-31T23:40:41Z" finished-at="2019-07-31T23:40:45Z">
          <params>
            <param index="0">
              <value>
                <![CDATA[GBP]]>
              </value>
            </param>
            <param index="1">
              <value>
                <![CDATA[public void HomePageTest.cambioMonedaParameters(java.lang.String,java.lang.reflect.Method)]]>
              </value>
            </param>
          </params>
          <reporter-output>
          </reporter-output>
        </test-method> <!-- cambioMonedaParameters -->
        <test-method status="PASS" signature="teardownTest(org.testng.ITestResult)[pri:0, instance:HomePageTest@11438d26]" name="teardownTest" is-config="true" duration-ms="0" started-at="2019-07-31T23:40:45Z" finished-at="2019-07-31T23:40:45Z">
          <params>
            <param index="0">
              <value>
                <![CDATA[[TestResult name=cambioMonedaParameters status=SUCCESS method=HomePageTest.cambioMonedaParameters(java.lang.String, java.lang.reflect.Method)[pri:0, instance:HomePageTest@11438d26] output={null}]]]>
              </value>
            </param>
          </params>
          <reporter-output>
          </reporter-output>
        </test-method> <!-- teardownTest -->
      </class> <!-- HomePageTest -->
      <class name="TestOpenCart">
        <test-method status="PASS" signature="setupSuite(java.lang.String)[pri:0, instance:TestOpenCart@458c1321]" name="setupSuite" is-config="true" duration-ms="3493" started-at="2019-07-31T23:40:14Z" finished-at="2019-07-31T23:40:17Z">
          <params>
            <param index="0">
              <value>
                <![CDATA[chrome]]>
              </value>
            </param>
          </params>
          <reporter-output>
          </reporter-output>
        </test-method> <!-- setupSuite -->
        <test-method status="PASS" signature="navegarInicio()[pri:0, instance:TestOpenCart@458c1321]" name="navegarInicio" is-config="true" duration-ms="7279" started-at="2019-07-31T23:40:17Z" finished-at="2019-07-31T23:40:25Z">
          <reporter-output>
          </reporter-output>
        </test-method> <!-- navegarInicio -->
        <test-method status="FAIL" signature="testRegistro(java.lang.String, java.lang.String, java.lang.String, java.lang.String, java.lang.String, java.lang.String, java.lang.String, java.lang.String, java.lang.String, java.lang.String, java.lang.String, java.lang.String, java.lang.String, java.lang.String, java.lang.String, java.lang.String, java.lang.reflect.Method)[pri:0, instance:TestOpenCart@458c1321]" name="testRegistro" duration-ms="10404" started-at="2019-07-31T23:40:25Z" data-provider="CompleteRegister" finished-at="2019-07-31T23:40:35Z">
          <params>
            <param index="0">
              <value>
                <![CDATA[Alberto]]>
              </value>
            </param>
            <param index="1">
              <value>
                <![CDATA[Alonso]]>
              </value>
            </param>
            <param index="2">
              <value>
                <![CDATA[albddertdo0918sd9@alonso.uy]]>
              </value>
            </param>
            <param index="3">
              <value>
                <![CDATA[094549888]]>
              </value>
            </param>
            <param index="4">
              <value>
                <![CDATA[23568899]]>
              </value>
            </param>
            <param index="5">
              <value>
                <![CDATA[Alonso Company]]>
              </value>
            </param>
            <param index="6">
              <value>
                <![CDATA[Avenida Italia 4422]]>
              </value>
            </param>
            <param index="7">
              <value>
                <![CDATA[No tiene]]>
              </value>
            </param>
            <param index="8">
              <value>
                <![CDATA[Montevideo]]>
              </value>
            </param>
            <param index="9">
              <value>
                <![CDATA[12440]]>
              </value>
            </param>
            <param index="10">
              <value>
                <![CDATA[Uruguay]]>
              </value>
            </param>
            <param index="11">
              <value>
                <![CDATA[Montevideo]]>
              </value>
            </param>
            <param index="12">
              <value>
                <![CDATA[password01]]>
              </value>
            </param>
            <param index="13">
              <value>
                <![CDATA[password01]]>
              </value>
            </param>
            <param index="14">
              <value>
                <![CDATA[YES]]>
              </value>
            </param>
            <param index="15">
              <value>
                <![CDATA[YES]]>
              </value>
            </param>
            <param index="16">
              <value>
                <![CDATA[public void TestOpenCart.testRegistro(java.lang.String,java.lang.String,java.lang.String,java.lang.String,java.lang.String,java.lang.String,java.lang.String,java.lang.String,java.lang.String,java.lang.String,java.lang.String,java.lang.String,java.lang.String,java.lang.String,java.lang.String,java.lang.String,java.lang.reflect.Method) throws java.lang.InterruptedException]]>
              </value>
            </param>
          </params>
          <exception class="org.openqa.selenium.TimeoutException">
            <message>
              <![CDATA[Expected condition failed: waiting for element to be clickable: [[ChromeDriver: chrome on XP (a9fbc164476226a4d365124294be7933)] -> xpath: //*[@id="top-links"]//*[contains(text(),'My Account')]] (tried for 10 second(s) with 500 milliseconds interval)
Build info: version: '3.141.59', revision: 'e82be7d358', time: '2018-11-14T08:17:03'
System info: host: 'DESKTOP-Q3Q7HR6', ip: '192.168.31.1', os.name: 'Windows 10', os.arch: 'amd64', os.version: '10.0', java.version: '1.8.0_211'
Driver info: org.openqa.selenium.chrome.ChromeDriver
Capabilities {acceptInsecureCerts: false, browserName: chrome, browserVersion: 75.0.3770.142, chrome: {chromedriverVersion: 75.0.3770.90 (a6dcaf7e3ec6f..., userDataDir: C:\Users\Al\AppData\Local\T...}, goog:chromeOptions: {debuggerAddress: localhost:52370}, javascriptEnabled: true, networkConnectionEnabled: false, pageLoadStrategy: normal, platform: XP, platformName: XP, proxy: Proxy(), setWindowRect: true, strictFileInteractability: false, timeouts: {implicit: 0, pageLoad: 300000, script: 30000}, unhandledPromptBehavior: dismiss and notify}
Session ID: a9fbc164476226a4d365124294be7933]]>
            </message>
            <full-stacktrace>
              <![CDATA[org.openqa.selenium.TimeoutException: Expected condition failed: waiting for element to be clickable: [[ChromeDriver: chrome on XP (a9fbc164476226a4d365124294be7933)] -> xpath: //*[@id="top-links"]//*[contains(text(),'My Account')]] (tried for 10 second(s) with 500 milliseconds interval)
Build info: version: '3.141.59', revision: 'e82be7d358', time: '2018-11-14T08:17:03'
System info: host: 'DESKTOP-Q3Q7HR6', ip: '192.168.31.1', os.name: 'Windows 10', os.arch: 'amd64', os.version: '10.0', java.version: '1.8.0_211'
Driver info: org.openqa.selenium.chrome.ChromeDriver
Capabilities {acceptInsecureCerts: false, browserName: chrome, browserVersion: 75.0.3770.142, chrome: {chromedriverVersion: 75.0.3770.90 (a6dcaf7e3ec6f..., userDataDir: C:\Users\Al\AppData\Local\T...}, goog:chromeOptions: {debuggerAddress: localhost:52370}, javascriptEnabled: true, networkConnectionEnabled: false, pageLoadStrategy: normal, platform: XP, platformName: XP, proxy: Proxy(), setWindowRect: true, strictFileInteractability: false, timeouts: {implicit: 0, pageLoad: 300000, script: 30000}, unhandledPromptBehavior: dismiss and notify}
Session ID: a9fbc164476226a4d365124294be7933
at org.openqa.selenium.support.ui.WebDriverWait.timeoutException(WebDriverWait.java:95)
at org.openqa.selenium.support.ui.FluentWait.until(FluentWait.java:272)
at utils.SeleniumUtils.clickElement(SeleniumUtils.java:18)
at pageObjects.NavigateBar.clickInRegister(NavigateBar.java:56)
at pageObjects.BasePage.clickInRegister(BasePage.java:36)
at TestOpenCart.testRegistro(TestOpenCart.java:15)
at sun.reflect.NativeMethodAccessorImpl.invoke0(Native Method)
at sun.reflect.NativeMethodAccessorImpl.invoke(NativeMethodAccessorImpl.java:62)
at sun.reflect.DelegatingMethodAccessorImpl.invoke(DelegatingMethodAccessorImpl.java:43)
at java.lang.reflect.Method.invoke(Method.java:498)
at org.testng.internal.MethodInvocationHelper.invokeMethod(MethodInvocationHelper.java:124)
at org.testng.internal.Invoker.invokeMethod(Invoker.java:583)
at org.testng.internal.Invoker.invokeTestMethod(Invoker.java:719)
at org.testng.internal.Invoker.invokeTestMethods(Invoker.java:989)
at org.testng.internal.TestMethodWorker.invokeTestMethods(TestMethodWorker.java:125)
at org.testng.internal.TestMethodWorker.run(TestMethodWorker.java:109)
at org.testng.TestRunner.privateRun(TestRunner.java:648)
at org.testng.TestRunner.run(TestRunner.java:505)
at org.testng.SuiteRunner.runTest(SuiteRunner.java:455)
at org.testng.SuiteRunner.access$000(SuiteRunner.java:40)
at org.testng.SuiteRunner$SuiteWorker.run(SuiteRunner.java:489)
at org.testng.internal.thread.ThreadUtil$1.call(ThreadUtil.java:52)
at java.util.concurrent.FutureTask.run(FutureTask.java:266)
at java.util.concurrent.ThreadPoolExecutor.runWorker(ThreadPoolExecutor.java:1149)
at java.util.concurrent.ThreadPoolExecutor$Worker.run(ThreadPoolExecutor.java:624)
at java.lang.Thread.run(Thread.java:748)
]]>
            </full-stacktrace>
          </exception> <!-- org.openqa.selenium.TimeoutException -->
          <reporter-output>
          </reporter-output>
        </test-method> <!-- testRegistro -->
        <test-method status="PASS" signature="teardownTest(org.testng.ITestResult)[pri:0, instance:TestOpenCart@458c1321]" name="teardownTest" is-config="true" duration-ms="311" started-at="2019-07-31T23:40:35Z" finished-at="2019-07-31T23:40:35Z">
          <params>
            <param index="0">
              <value>
                <![CDATA[[TestResult name=testRegistro status=FAILURE method=TestOpenCart.testRegistro(java.lang.String, java.lang.String, java.lang.String, java.lang.String, java.lang.String, java.lang.String, java.lang.String, java.lang.String, java.lang.String, java.lang.String, java.lang.String, java.lang.String, java.lang.String, java.lang.String, java.lang.String, java.lang.String, java.lang.reflect.Method)[pri:0, instance:TestOpenCart@458c1321] output={null}]]]>
              </value>
            </param>
          </params>
          <reporter-output>
          </reporter-output>
        </test-method> <!-- teardownTest -->
        <test-method status="PASS" signature="navegarInicio()[pri:0, instance:TestOpenCart@458c1321]" name="navegarInicio" is-config="true" duration-ms="1538" started-at="2019-07-31T23:40:35Z" finished-at="2019-07-31T23:40:37Z">
          <reporter-output>
          </reporter-output>
        </test-method> <!-- navegarInicio -->
        <test-method status="PASS" signature="testLogin(java.lang.String, java.lang.String, java.lang.reflect.Method)[pri:0, instance:TestOpenCart@458c1321]" name="testLogin" duration-ms="3261" started-at="2019-07-31T23:40:37Z" data-provider="WishListDataProvider" finished-at="2019-07-31T23:40:40Z">
          <params>
            <param index="0">
              <value>
                <![CDATA[alberto0918sd9@alonso.uy]]>
              </value>
            </param>
            <param index="1">
              <value>
                <![CDATA[password01]]>
              </value>
            </param>
            <param index="2">
              <value>
                <![CDATA[public void TestOpenCart.testLogin(java.lang.String,java.lang.String,java.lang.reflect.Method)]]>
              </value>
            </param>
          </params>
          <reporter-output>
          </reporter-output>
        </test-method> <!-- testLogin -->
        <test-method status="PASS" signature="teardownTest(org.testng.ITestResult)[pri:0, instance:TestOpenCart@458c1321]" name="teardownTest" is-config="true" duration-ms="0" started-at="2019-07-31T23:40:40Z" finished-at="2019-07-31T23:40:40Z">
          <params>
            <param index="0">
              <value>
                <![CDATA[[TestResult name=testLogin status=SUCCESS method=TestOpenCart.testLogin(java.lang.String, java.lang.String, java.lang.reflect.Method)[pri:0, instance:TestOpenCart@458c1321] output={null}]]]>
              </value>
            </param>
          </params>
          <reporter-output>
          </reporter-output>
        </test-method> <!-- teardownTest -->
        <test-method status="PASS" signature="flush()[pri:0, instance:TestOpenCart@458c1321]" name="flush" is-config="true" duration-ms="987" started-at="2019-07-31T23:41:19Z" finished-at="2019-07-31T23:41:20Z">
          <reporter-output>
          </reporter-output>
        </test-method> <!-- flush -->
      </class> <!-- TestOpenCart -->
      <class name="ProductManagementTest">
        <test-method status="PASS" signature="navegarInicio()[pri:0, instance:ProductManagementTest@34cd072c]" name="navegarInicio" is-config="true" duration-ms="3609" started-at="2019-07-31T23:40:45Z" finished-at="2019-07-31T23:40:48Z">
          <reporter-output>
          </reporter-output>
        </test-method> <!-- navegarInicio -->
        <test-method status="PASS" signature="setupLogin(java.lang.String, java.lang.String)[pri:0, instance:ProductManagementTest@34cd072c]" name="setupLogin" is-config="true" duration-ms="2180" started-at="2019-07-31T23:40:48Z" finished-at="2019-07-31T23:40:50Z">
          <params>
            <param index="0">
              <value>
                <![CDATA[alberto0918sd9@alonso.uy]]>
              </value>
            </param>
            <param index="1">
              <value>
                <![CDATA[password01]]>
              </value>
            </param>
          </params>
          <reporter-output>
          </reporter-output>
        </test-method> <!-- setupLogin -->
        <test-method status="PASS" signature="addToWishTest(java.lang.String, java.lang.reflect.Method)[pri:0, instance:ProductManagementTest@34cd072c]" name="addToWishTest" duration-ms="3522" started-at="2019-07-31T23:40:50Z" data-provider="WishListDataProvider" finished-at="2019-07-31T23:40:54Z">
          <params>
            <param index="0">
              <value>
                <![CDATA[iMac]]>
              </value>
            </param>
            <param index="1">
              <value>
                <![CDATA[public void ProductManagementTest.addToWishTest(java.lang.String,java.lang.reflect.Method)]]>
              </value>
            </param>
          </params>
          <reporter-output>
          </reporter-output>
        </test-method> <!-- addToWishTest -->
        <test-method status="PASS" signature="teardownTest(org.testng.ITestResult)[pri:0, instance:ProductManagementTest@34cd072c]" name="teardownTest" is-config="true" duration-ms="1" started-at="2019-07-31T23:40:54Z" finished-at="2019-07-31T23:40:54Z">
          <params>
            <param index="0">
              <value>
                <![CDATA[[TestResult name=addToWishTest status=SUCCESS method=ProductManagementTest.addToWishTest(java.lang.String, java.lang.reflect.Method)[pri:0, instance:ProductManagementTest@34cd072c] output={null}]]]>
              </value>
            </param>
          </params>
          <reporter-output>
          </reporter-output>
        </test-method> <!-- teardownTest -->
        <test-method status="PASS" signature="navegarInicio()[pri:0, instance:ProductManagementTest@34cd072c]" name="navegarInicio" is-config="true" duration-ms="345" started-at="2019-07-31T23:40:54Z" finished-at="2019-07-31T23:40:54Z">
          <reporter-output>
          </reporter-output>
        </test-method> <!-- navegarInicio -->
        <test-method status="PASS" signature="setupLogin(java.lang.String, java.lang.String)[pri:0, instance:ProductManagementTest@34cd072c]" name="setupLogin" is-config="true" duration-ms="1613" started-at="2019-07-31T23:40:54Z" finished-at="2019-07-31T23:40:56Z">
          <params>
            <param index="0">
              <value>
                <![CDATA[alberto0918sd9@alonso.uy]]>
              </value>
            </param>
            <param index="1">
              <value>
                <![CDATA[password01]]>
              </value>
            </param>
          </params>
          <reporter-output>
          </reporter-output>
        </test-method> <!-- setupLogin -->
        <test-method status="FAIL" signature="addToCartTest(java.lang.String, java.lang.reflect.Method)[pri:0, instance:ProductManagementTest@34cd072c]" name="addToCartTest" duration-ms="11858" started-at="2019-07-31T23:40:56Z" data-provider="WishListDataProvider" finished-at="2019-07-31T23:41:08Z">
          <params>
            <param index="0">
              <value>
                <![CDATA[iMac]]>
              </value>
            </param>
            <param index="1">
              <value>
                <![CDATA[public void ProductManagementTest.addToCartTest(java.lang.String,java.lang.reflect.Method)]]>
              </value>
            </param>
          </params>
          <exception class="org.openqa.selenium.TimeoutException">
            <message>
              <![CDATA[Expected condition failed: waiting for element to be clickable: Proxy element for: DefaultElementLocator 'By.partialLinkText: Shopping Cart' (tried for 10 second(s) with 500 milliseconds interval)]]>
            </message>
            <full-stacktrace>
              <![CDATA[org.openqa.selenium.TimeoutException: Expected condition failed: waiting for element to be clickable: Proxy element for: DefaultElementLocator 'By.partialLinkText: Shopping Cart' (tried for 10 second(s) with 500 milliseconds interval)
at org.openqa.selenium.support.ui.WebDriverWait.timeoutException(WebDriverWait.java:95)
at org.openqa.selenium.support.ui.FluentWait.until(FluentWait.java:272)
at pageObjects.NavigateBar.goToCartList(NavigateBar.java:94)
at pageObjects.BasePage.goToCartList(BasePage.java:45)
at ProductManagementTest.addToCartTest(ProductManagementTest.java:27)
at sun.reflect.NativeMethodAccessorImpl.invoke0(Native Method)
at sun.reflect.NativeMethodAccessorImpl.invoke(NativeMethodAccessorImpl.java:62)
at sun.reflect.DelegatingMethodAccessorImpl.invoke(DelegatingMethodAccessorImpl.java:43)
at java.lang.reflect.Method.invoke(Method.java:498)
at org.testng.internal.MethodInvocationHelper.invokeMethod(MethodInvocationHelper.java:124)
at org.testng.internal.Invoker.invokeMethod(Invoker.java:583)
at org.testng.internal.Invoker.invokeTestMethod(Invoker.java:719)
at org.testng.internal.Invoker.invokeTestMethods(Invoker.java:989)
at org.testng.internal.TestMethodWorker.invokeTestMethods(TestMethodWorker.java:125)
at org.testng.internal.TestMethodWorker.run(TestMethodWorker.java:109)
at org.testng.TestRunner.privateRun(TestRunner.java:648)
at org.testng.TestRunner.run(TestRunner.java:505)
at org.testng.SuiteRunner.runTest(SuiteRunner.java:455)
at org.testng.SuiteRunner.access$000(SuiteRunner.java:40)
at org.testng.SuiteRunner$SuiteWorker.run(SuiteRunner.java:489)
at org.testng.internal.thread.ThreadUtil$1.call(ThreadUtil.java:52)
at java.util.concurrent.FutureTask.run(FutureTask.java:266)
at java.util.concurrent.ThreadPoolExecutor.runWorker(ThreadPoolExecutor.java:1149)
at java.util.concurrent.ThreadPoolExecutor$Worker.run(ThreadPoolExecutor.java:624)
at java.lang.Thread.run(Thread.java:748)
Caused by: org.openqa.selenium.NoSuchElementException: no such element: Unable to locate element: {"method":"partial link text","selector":"Shopping Cart"}
  (Session info: headless chrome=75.0.3770.142)
For documentation on this error, please visit: https://www.seleniumhq.org/exceptions/no_such_element.html
Build info: version: '3.141.59', revision: 'e82be7d358', time: '2018-11-14T08:17:03'
System info: host: 'DESKTOP-Q3Q7HR6', ip: '192.168.31.1', os.name: 'Windows 10', os.arch: 'amd64', os.version: '10.0', java.version: '1.8.0_211'
Driver info: org.openqa.selenium.chrome.ChromeDriver
Capabilities {acceptInsecureCerts: false, browserName: chrome, browserVersion: 75.0.3770.142, chrome: {chromedriverVersion: 75.0.3770.90 (a6dcaf7e3ec6f..., userDataDir: C:\Users\Al\AppData\Local\T...}, goog:chromeOptions: {debuggerAddress: localhost:52370}, javascriptEnabled: true, networkConnectionEnabled: false, pageLoadStrategy: normal, platform: XP, platformName: XP, proxy: Proxy(), setWindowRect: true, strictFileInteractability: false, timeouts: {implicit: 0, pageLoad: 300000, script: 30000}, unhandledPromptBehavior: dismiss and notify}
Session ID: a9fbc164476226a4d365124294be7933
*** Element info: {Using=partial link text, value=Shopping Cart}
at sun.reflect.GeneratedConstructorAccessor13.newInstance(Unknown Source)
at sun.reflect.DelegatingConstructorAccessorImpl.newInstance(DelegatingConstructorAccessorImpl.java:45)
at java.lang.reflect.Constructor.newInstance(Constructor.java:423)
at org.openqa.selenium.remote.http.W3CHttpResponseCodec.createException(W3CHttpResponseCodec.java:187)
at org.openqa.selenium.remote.http.W3CHttpResponseCodec.decode(W3CHttpResponseCodec.java:122)
at org.openqa.selenium.remote.http.W3CHttpResponseCodec.decode(W3CHttpResponseCodec.java:49)
at org.openqa.selenium.remote.HttpCommandExecutor.execute(HttpCommandExecutor.java:158)
at org.openqa.selenium.remote.service.DriverCommandExecutor.execute(DriverCommandExecutor.java:83)
at org.openqa.selenium.remote.RemoteWebDriver.execute(RemoteWebDriver.java:552)
at org.openqa.selenium.remote.RemoteWebDriver.findElement(RemoteWebDriver.java:323)
at org.openqa.selenium.remote.RemoteWebDriver.findElementByPartialLinkText(RemoteWebDriver.java:388)
at org.openqa.selenium.By$ByPartialLinkText.findElement(By.java:250)
at org.openqa.selenium.remote.RemoteWebDriver.findElement(RemoteWebDriver.java:315)
at org.openqa.selenium.support.pagefactory.DefaultElementLocator.findElement(DefaultElementLocator.java:69)
at org.openqa.selenium.support.pagefactory.internal.LocatingElementHandler.invoke(LocatingElementHandler.java:38)
at com.sun.proxy.$Proxy11.isDisplayed(Unknown Source)
at org.openqa.selenium.support.ui.ExpectedConditions.elementIfVisible(ExpectedConditions.java:314)
at org.openqa.selenium.support.ui.ExpectedConditions.access$000(ExpectedConditions.java:43)
at org.openqa.selenium.support.ui.ExpectedConditions$10.apply(ExpectedConditions.java:300)
at org.openqa.selenium.support.ui.ExpectedConditions$10.apply(ExpectedConditions.java:297)
at org.openqa.selenium.support.ui.ExpectedConditions$23.apply(ExpectedConditions.java:670)
at org.openqa.selenium.support.ui.ExpectedConditions$23.apply(ExpectedConditions.java:666)
at org.openqa.selenium.support.ui.FluentWait.until(FluentWait.java:249)
... 23 more
]]>
            </full-stacktrace>
          </exception> <!-- org.openqa.selenium.TimeoutException -->
          <reporter-output>
          </reporter-output>
        </test-method> <!-- addToCartTest -->
        <test-method status="PASS" signature="teardownTest(org.testng.ITestResult)[pri:0, instance:ProductManagementTest@34cd072c]" name="teardownTest" is-config="true" duration-ms="244" started-at="2019-07-31T23:41:08Z" finished-at="2019-07-31T23:41:08Z">
          <params>
            <param index="0">
              <value>
                <![CDATA[[TestResult name=addToCartTest status=FAILURE method=ProductManagementTest.addToCartTest(java.lang.String, java.lang.reflect.Method)[pri:0, instance:ProductManagementTest@34cd072c] output={null}]]]>
              </value>
            </param>
          </params>
          <reporter-output>
          </reporter-output>
        </test-method> <!-- teardownTest -->
        <test-method status="PASS" signature="navegarInicio()[pri:0, instance:ProductManagementTest@34cd072c]" name="navegarInicio" is-config="true" duration-ms="799" started-at="2019-07-31T23:41:08Z" finished-at="2019-07-31T23:41:09Z">
          <reporter-output>
          </reporter-output>
        </test-method> <!-- navegarInicio -->
        <test-method status="FAIL" signature="setupLogin(java.lang.String, java.lang.String)[pri:0, instance:ProductManagementTest@34cd072c]" name="setupLogin" is-config="true" duration-ms="10572" started-at="2019-07-31T23:41:09Z" finished-at="2019-07-31T23:41:19Z">
          <params>
            <param index="0">
              <value>
                <![CDATA[alberto0918sd9@alonso.uy]]>
              </value>
            </param>
            <param index="1">
              <value>
                <![CDATA[password01]]>
              </value>
            </param>
          </params>
          <exception class="org.openqa.selenium.TimeoutException">
            <message>
              <![CDATA[Expected condition failed: waiting for visibility of Proxy element for: DefaultElementLocator 'By.linkText: Login' (tried for 10 second(s) with 500 milliseconds interval)]]>
            </message>
            <full-stacktrace>
              <![CDATA[org.openqa.selenium.TimeoutException: Expected condition failed: waiting for visibility of Proxy element for: DefaultElementLocator 'By.linkText: Login' (tried for 10 second(s) with 500 milliseconds interval)
at org.openqa.selenium.support.ui.WebDriverWait.timeoutException(WebDriverWait.java:95)
at org.openqa.selenium.support.ui.FluentWait.until(FluentWait.java:272)
at pageObjects.NavigateBar.goLogInPage(NavigateBar.java:75)
at pageObjects.BasePage.goLogInPage(BasePage.java:41)
at BaseTestWithLogin.setupLogin(BaseTestWithLogin.java:9)
at sun.reflect.NativeMethodAccessorImpl.invoke0(Native Method)
at sun.reflect.NativeMethodAccessorImpl.invoke(NativeMethodAccessorImpl.java:62)
at sun.reflect.DelegatingMethodAccessorImpl.invoke(DelegatingMethodAccessorImpl.java:43)
at java.lang.reflect.Method.invoke(Method.java:498)
at org.testng.internal.MethodInvocationHelper.invokeMethod(MethodInvocationHelper.java:124)
at org.testng.internal.MethodInvocationHelper.invokeMethodConsideringTimeout(MethodInvocationHelper.java:59)
at org.testng.internal.Invoker.invokeConfigurationMethod(Invoker.java:458)
at org.testng.internal.Invoker.invokeConfigurations(Invoker.java:222)
at org.testng.internal.Invoker.invokeMethod(Invoker.java:523)
at org.testng.internal.Invoker.invokeTestMethod(Invoker.java:719)
at org.testng.internal.Invoker.invokeTestMethods(Invoker.java:989)
at org.testng.internal.TestMethodWorker.invokeTestMethods(TestMethodWorker.java:125)
at org.testng.internal.TestMethodWorker.run(TestMethodWorker.java:109)
at org.testng.TestRunner.privateRun(TestRunner.java:648)
at org.testng.TestRunner.run(TestRunner.java:505)
at org.testng.SuiteRunner.runTest(SuiteRunner.java:455)
at org.testng.SuiteRunner.access$000(SuiteRunner.java:40)
at org.testng.SuiteRunner$SuiteWorker.run(SuiteRunner.java:489)
at org.testng.internal.thread.ThreadUtil$1.call(ThreadUtil.java:52)
at java.util.concurrent.FutureTask.run(FutureTask.java:266)
at java.util.concurrent.ThreadPoolExecutor.runWorker(ThreadPoolExecutor.java:1149)
at java.util.concurrent.ThreadPoolExecutor$Worker.run(ThreadPoolExecutor.java:624)
at java.lang.Thread.run(Thread.java:748)
Caused by: org.openqa.selenium.NoSuchElementException: no such element: Unable to locate element: {"method":"link text","selector":"Login"}
  (Session info: headless chrome=75.0.3770.142)
For documentation on this error, please visit: https://www.seleniumhq.org/exceptions/no_such_element.html
Build info: version: '3.141.59', revision: 'e82be7d358', time: '2018-11-14T08:17:03'
System info: host: 'DESKTOP-Q3Q7HR6', ip: '192.168.31.1', os.name: 'Windows 10', os.arch: 'amd64', os.version: '10.0', java.version: '1.8.0_211'
Driver info: org.openqa.selenium.chrome.ChromeDriver
Capabilities {acceptInsecureCerts: false, browserName: chrome, browserVersion: 75.0.3770.142, chrome: {chromedriverVersion: 75.0.3770.90 (a6dcaf7e3ec6f..., userDataDir: C:\Users\Al\AppData\Local\T...}, goog:chromeOptions: {debuggerAddress: localhost:52370}, javascriptEnabled: true, networkConnectionEnabled: false, pageLoadStrategy: normal, platform: XP, platformName: XP, proxy: Proxy(), setWindowRect: true, strictFileInteractability: false, timeouts: {implicit: 0, pageLoad: 300000, script: 30000}, unhandledPromptBehavior: dismiss and notify}
Session ID: a9fbc164476226a4d365124294be7933
*** Element info: {Using=link text, value=Login}
at sun.reflect.GeneratedConstructorAccessor13.newInstance(Unknown Source)
at sun.reflect.DelegatingConstructorAccessorImpl.newInstance(DelegatingConstructorAccessorImpl.java:45)
at java.lang.reflect.Constructor.newInstance(Constructor.java:423)
at org.openqa.selenium.remote.http.W3CHttpResponseCodec.createException(W3CHttpResponseCodec.java:187)
at org.openqa.selenium.remote.http.W3CHttpResponseCodec.decode(W3CHttpResponseCodec.java:122)
at org.openqa.selenium.remote.http.W3CHttpResponseCodec.decode(W3CHttpResponseCodec.java:49)
at org.openqa.selenium.remote.HttpCommandExecutor.execute(HttpCommandExecutor.java:158)
at org.openqa.selenium.remote.service.DriverCommandExecutor.execute(DriverCommandExecutor.java:83)
at org.openqa.selenium.remote.RemoteWebDriver.execute(RemoteWebDriver.java:552)
at org.openqa.selenium.remote.RemoteWebDriver.findElement(RemoteWebDriver.java:323)
at org.openqa.selenium.remote.RemoteWebDriver.findElementByLinkText(RemoteWebDriver.java:380)
at org.openqa.selenium.By$ByLinkText.findElement(By.java:220)
at org.openqa.selenium.remote.RemoteWebDriver.findElement(RemoteWebDriver.java:315)
at org.openqa.selenium.support.pagefactory.DefaultElementLocator.findElement(DefaultElementLocator.java:69)
at org.openqa.selenium.support.pagefactory.internal.LocatingElementHandler.invoke(LocatingElementHandler.java:38)
at com.sun.proxy.$Proxy11.isDisplayed(Unknown Source)
at org.openqa.selenium.support.ui.ExpectedConditions.elementIfVisible(ExpectedConditions.java:314)
at org.openqa.selenium.support.ui.ExpectedConditions.access$000(ExpectedConditions.java:43)
at org.openqa.selenium.support.ui.ExpectedConditions$10.apply(ExpectedConditions.java:300)
at org.openqa.selenium.support.ui.ExpectedConditions$10.apply(ExpectedConditions.java:297)
at org.openqa.selenium.support.ui.FluentWait.until(FluentWait.java:249)
... 26 more
]]>
            </full-stacktrace>
          </exception> <!-- org.openqa.selenium.TimeoutException -->
          <reporter-output>
          </reporter-output>
        </test-method> <!-- setupLogin -->
        <test-method status="PASS" signature="teardownTest(org.testng.ITestResult)[pri:0, instance:ProductManagementTest@34cd072c]" name="teardownTest" is-config="true" duration-ms="0" started-at="2019-07-31T23:41:19Z" finished-at="2019-07-31T23:41:19Z">
          <params>
            <param index="0">
              <value>
                <![CDATA[[TestResult name={null} status=CREATED method=ProductManagementTest.addToCartMenorPrecio(java.lang.reflect.Method)[pri:0, instance:ProductManagementTest@34cd072c] output={null}]]]>
              </value>
            </param>
          </params>
          <reporter-output>
          </reporter-output>
        </test-method> <!-- teardownTest -->
        <test-method status="SKIP" signature="addToCartMenorPrecio(java.lang.reflect.Method)[pri:0, instance:ProductManagementTest@34cd072c]" name="addToCartMenorPrecio" duration-ms="0" started-at="2019-07-31T23:41:19Z" finished-at="2019-07-31T23:41:19Z">
          <exception class="org.openqa.selenium.TimeoutException">
            <message>
              <![CDATA[Expected condition failed: waiting for visibility of Proxy element for: DefaultElementLocator 'By.linkText: Login' (tried for 10 second(s) with 500 milliseconds interval)]]>
            </message>
            <full-stacktrace>
              <![CDATA[org.openqa.selenium.TimeoutException: Expected condition failed: waiting for visibility of Proxy element for: DefaultElementLocator 'By.linkText: Login' (tried for 10 second(s) with 500 milliseconds interval)
at org.openqa.selenium.support.ui.WebDriverWait.timeoutException(WebDriverWait.java:95)
at org.openqa.selenium.support.ui.FluentWait.until(FluentWait.java:272)
at pageObjects.NavigateBar.goLogInPage(NavigateBar.java:75)
at pageObjects.BasePage.goLogInPage(BasePage.java:41)
at BaseTestWithLogin.setupLogin(BaseTestWithLogin.java:9)
at sun.reflect.NativeMethodAccessorImpl.invoke0(Native Method)
at sun.reflect.NativeMethodAccessorImpl.invoke(NativeMethodAccessorImpl.java:62)
at sun.reflect.DelegatingMethodAccessorImpl.invoke(DelegatingMethodAccessorImpl.java:43)
at java.lang.reflect.Method.invoke(Method.java:498)
at org.testng.internal.MethodInvocationHelper.invokeMethod(MethodInvocationHelper.java:124)
at org.testng.internal.MethodInvocationHelper.invokeMethodConsideringTimeout(MethodInvocationHelper.java:59)
at org.testng.internal.Invoker.invokeConfigurationMethod(Invoker.java:458)
at org.testng.internal.Invoker.invokeConfigurations(Invoker.java:222)
at org.testng.internal.Invoker.invokeMethod(Invoker.java:523)
at org.testng.internal.Invoker.invokeTestMethod(Invoker.java:719)
at org.testng.internal.Invoker.invokeTestMethods(Invoker.java:989)
at org.testng.internal.TestMethodWorker.invokeTestMethods(TestMethodWorker.java:125)
at org.testng.internal.TestMethodWorker.run(TestMethodWorker.java:109)
at org.testng.TestRunner.privateRun(TestRunner.java:648)
at org.testng.TestRunner.run(TestRunner.java:505)
at org.testng.SuiteRunner.runTest(SuiteRunner.java:455)
at org.testng.SuiteRunner.access$000(SuiteRunner.java:40)
at org.testng.SuiteRunner$SuiteWorker.run(SuiteRunner.java:489)
at org.testng.internal.thread.ThreadUtil$1.call(ThreadUtil.java:52)
at java.util.concurrent.FutureTask.run(FutureTask.java:266)
at java.util.concurrent.ThreadPoolExecutor.runWorker(ThreadPoolExecutor.java:1149)
at java.util.concurrent.ThreadPoolExecutor$Worker.run(ThreadPoolExecutor.java:624)
at java.lang.Thread.run(Thread.java:748)
Caused by: org.openqa.selenium.NoSuchElementException: no such element: Unable to locate element: {"method":"link text","selector":"Login"}
  (Session info: headless chrome=75.0.3770.142)
For documentation on this error, please visit: https://www.seleniumhq.org/exceptions/no_such_element.html
Build info: version: '3.141.59', revision: 'e82be7d358', time: '2018-11-14T08:17:03'
System info: host: 'DESKTOP-Q3Q7HR6', ip: '192.168.31.1', os.name: 'Windows 10', os.arch: 'amd64', os.version: '10.0', java.version: '1.8.0_211'
Driver info: org.openqa.selenium.chrome.ChromeDriver
Capabilities {acceptInsecureCerts: false, browserName: chrome, browserVersion: 75.0.3770.142, chrome: {chromedriverVersion: 75.0.3770.90 (a6dcaf7e3ec6f..., userDataDir: C:\Users\Al\AppData\Local\T...}, goog:chromeOptions: {debuggerAddress: localhost:52370}, javascriptEnabled: true, networkConnectionEnabled: false, pageLoadStrategy: normal, platform: XP, platformName: XP, proxy: Proxy(), setWindowRect: true, strictFileInteractability: false, timeouts: {implicit: 0, pageLoad: 300000, script: 30000}, unhandledPromptBehavior: dismiss and notify}
Session ID: a9fbc164476226a4d365124294be7933
*** Element info: {Using=link text, value=Login}
at sun.reflect.GeneratedConstructorAccessor13.newInstance(Unknown Source)
at sun.reflect.DelegatingConstructorAccessorImpl.newInstance(DelegatingConstructorAccessorImpl.java:45)
at java.lang.reflect.Constructor.newInstance(Constructor.java:423)
at org.openqa.selenium.remote.http.W3CHttpResponseCodec.createException(W3CHttpResponseCodec.java:187)
at org.openqa.selenium.remote.http.W3CHttpResponseCodec.decode(W3CHttpResponseCodec.java:122)
at org.openqa.selenium.remote.http.W3CHttpResponseCodec.decode(W3CHttpResponseCodec.java:49)
at org.openqa.selenium.remote.HttpCommandExecutor.execute(HttpCommandExecutor.java:158)
at org.openqa.selenium.remote.service.DriverCommandExecutor.execute(DriverCommandExecutor.java:83)
at org.openqa.selenium.remote.RemoteWebDriver.execute(RemoteWebDriver.java:552)
at org.openqa.selenium.remote.RemoteWebDriver.findElement(RemoteWebDriver.java:323)
at org.openqa.selenium.remote.RemoteWebDriver.findElementByLinkText(RemoteWebDriver.java:380)
at org.openqa.selenium.By$ByLinkText.findElement(By.java:220)
at org.openqa.selenium.remote.RemoteWebDriver.findElement(RemoteWebDriver.java:315)
at org.openqa.selenium.support.pagefactory.DefaultElementLocator.findElement(DefaultElementLocator.java:69)
at org.openqa.selenium.support.pagefactory.internal.LocatingElementHandler.invoke(LocatingElementHandler.java:38)
at com.sun.proxy.$Proxy11.isDisplayed(Unknown Source)
at org.openqa.selenium.support.ui.ExpectedConditions.elementIfVisible(ExpectedConditions.java:314)
at org.openqa.selenium.support.ui.ExpectedConditions.access$000(ExpectedConditions.java:43)
at org.openqa.selenium.support.ui.ExpectedConditions$10.apply(ExpectedConditions.java:300)
at org.openqa.selenium.support.ui.ExpectedConditions$10.apply(ExpectedConditions.java:297)
at org.openqa.selenium.support.ui.FluentWait.until(FluentWait.java:249)
... 26 more
]]>
            </full-stacktrace>
          </exception> <!-- org.openqa.selenium.TimeoutException -->
          <reporter-output>
          </reporter-output>
        </test-method> <!-- addToCartMenorPrecio -->
      </class> <!-- ProductManagementTest -->
    </test> <!-- test in Chrome -->
  </suite> <!-- SingleSuite -->
</testng-results>
